# JRE version: OpenJDK Runtime Environment (8.0_76-b03) (build 1.8.0_76-release-b03)
# Java VM: OpenJDK 64-Bit Server VM (25.76-b03 mixed mode windows-amd64 compressed oops)
Heap:
 PSYoungGen      total 138240K, used 39728K [0x00000000e0000000, 0x00000000e9500000, 0x0000000100000000)
  eden space 123904K, 24% used [0x00000000e0000000,0x00000000e1df9118,0x00000000e7900000)
  from space 14336K, 63% used [0x00000000e7900000,0x00000000e81d3268,0x00000000e8700000)
  to   space 10752K, 0% used [0x00000000e8780000,0x00000000e8780000,0x00000000e9200000)
 ParOldGen       total 57344K, used 30120K [0x00000000a0000000, 0x00000000a3800000, 0x00000000e0000000)
  object space 57344K, 52% used [0x00000000a0000000,0x00000000a1d6a0a0,0x00000000a3800000)
 Metaspace       used 50893K, capacity 52192K, committed 52400K, reserved 1095680K
  class space    used 6745K, capacity 7054K, committed 7088K, reserved 1048576K
GC Heap History (10 events):
Event: 16.790 GC heap before
{Heap before GC invocations=13 (full 1):
 PSYoungGen      total 75776K, used 39149K [0x00000000e0000000, 0x00000000e7080000, 0x0000000100000000)
  eden space 66560K, 49% used [0x00000000e0000000,0x00000000e1feae48,0x00000000e4100000)
  from space 9216K, 70% used [0x00000000e4100000,0x00000000e4750960,0x00000000e4a00000)
  to   space 9216K, 0% used [0x00000000e6780000,0x00000000e6780000,0x00000000e7080000)
 ParOldGen       total 38912K, used 10591K [0x00000000a0000000, 0x00000000a2600000, 0x00000000e0000000)
  object space 38912K, 27% used [0x00000000a0000000,0x00000000a0a57c38,0x00000000a2600000)
 Metaspace       used 34628K, capacity 35180K, committed 35496K, reserved 1079296K
  class space    used 4647K, capacity 4845K, committed 4912K, reserved 1048576K
Event: 16.799 GC heap after
Heap after GC invocations=13 (full 1):
 PSYoungGen      total 102912K, used 3381K [0x00000000e0000000, 0x00000000e6f00000, 0x0000000100000000)
  eden space 95232K, 0% used [0x00000000e0000000,0x00000000e0000000,0x00000000e5d00000)
  from space 7680K, 44% used [0x00000000e6780000,0x00000000e6acd4e8,0x00000000e6f00000)
  to   space 9216K, 0% used [0x00000000e5d00000,0x00000000e5d00000,0x00000000e6600000)
 ParOldGen       total 38912K, used 13011K [0x00000000a0000000, 0x00000000a2600000, 0x00000000e0000000)
  object space 38912K, 33% used [0x00000000a0000000,0x00000000a0cb4c68,0x00000000a2600000)
 Metaspace       used 34628K, capacity 35180K, committed 35496K, reserved 1079296K
  class space    used 4647K, capacity 4845K, committed 4912K, reserved 1048576K
}
Event: 16.799 GC heap before
{Heap before GC invocations=14 (full 2):
 PSYoungGen      total 102912K, used 3381K [0x00000000e0000000, 0x00000000e6f00000, 0x0000000100000000)
  eden space 95232K, 0% used [0x00000000e0000000,0x00000000e0000000,0x00000000e5d00000)
  from space 7680K, 44% used [0x00000000e6780000,0x00000000e6acd4e8,0x00000000e6f00000)
  to   space 9216K, 0% used [0x00000000e5d00000,0x00000000e5d00000,0x00000000e6600000)
 ParOldGen       total 38912K, used 13011K [0x00000000a0000000, 0x00000000a2600000, 0x00000000e0000000)
  object space 38912K, 33% used [0x00000000a0000000,0x00000000a0cb4c68,0x00000000a2600000)
 Metaspace       used 34628K, capacity 35180K, committed 35496K, reserved 1079296K
  class space    used 4647K, capacity 4845K, committed 4912K, reserved 1048576K
Event: 16.978 GC heap after
Heap after GC invocations=14 (full 2):
 PSYoungGen      total 102912K, used 0K [0x00000000e0000000, 0x00000000e6f00000, 0x0000000100000000)
  eden space 95232K, 0% used [0x00000000e0000000,0x00000000e0000000,0x00000000e5d00000)
  from space 7680K, 0% used [0x00000000e6780000,0x00000000e6780000,0x00000000e6f00000)
  to   space 9216K, 0% used [0x00000000e5d00000,0x00000000e5d00000,0x00000000e6600000)
 ParOldGen       total 57344K, used 15588K [0x00000000a0000000, 0x00000000a3800000, 0x00000000e0000000)
  object space 57344K, 27% used [0x00000000a0000000,0x00000000a0f39080,0x00000000a3800000)
 Metaspace       used 34628K, capacity 35180K, committed 35496K, reserved 1079296K
  class space    used 4647K, capacity 4845K, committed 4912K, reserved 1048576K
}
Event: 21.318 GC heap before
{Heap before GC invocations=15 (full 2):
 PSYoungGen      total 102912K, used 95232K [0x00000000e0000000, 0x00000000e6f00000, 0x0000000100000000)
  eden space 95232K, 100% used [0x00000000e0000000,0x00000000e5d00000,0x00000000e5d00000)
  from space 7680K, 0% used [0x00000000e6780000,0x00000000e6780000,0x00000000e6f00000)
  to   space 9216K, 0% used [0x00000000e5d00000,0x00000000e5d00000,0x00000000e6600000)
 ParOldGen       total 57344K, used 15588K [0x00000000a0000000, 0x00000000a3800000, 0x00000000e0000000)
  object space 57344K, 27% used [0x00000000a0000000,0x00000000a0f39080,0x00000000a3800000)
 Metaspace       used 42776K, capacity 43598K, committed 43824K, reserved 1087488K
  class space    used 5712K, capacity 5911K, committed 5936K, reserved 1048576K
Event: 21.329 GC heap after
Heap after GC invocations=15 (full 2):
 PSYoungGen      total 104448K, used 9199K [0x00000000e0000000, 0x00000000e9200000, 0x0000000100000000)
  eden space 95232K, 0% used [0x00000000e0000000,0x00000000e0000000,0x00000000e5d00000)
  from space 9216K, 99% used [0x00000000e5d00000,0x00000000e65fbc28,0x00000000e6600000)
  to   space 10752K, 0% used [0x00000000e8780000,0x00000000e8780000,0x00000000e9200000)
 ParOldGen       total 57344K, used 16007K [0x00000000a0000000, 0x00000000a3800000, 0x00000000e0000000)
  object space 57344K, 27% used [0x00000000a0000000,0x00000000a0fa1e18,0x00000000a3800000)
 Metaspace       used 42776K, capacity 43598K, committed 43824K, reserved 1087488K
  class space    used 5712K, capacity 5911K, committed 5936K, reserved 1048576K
}
Event: 39.139 GC heap before
{Heap before GC invocations=16 (full 2):
 PSYoungGen      total 104448K, used 104431K [0x00000000e0000000, 0x00000000e9200000, 0x0000000100000000)
  eden space 95232K, 100% used [0x00000000e0000000,0x00000000e5d00000,0x00000000e5d00000)
  from space 9216K, 99% used [0x00000000e5d00000,0x00000000e65fbc28,0x00000000e6600000)
  to   space 10752K, 0% used [0x00000000e8780000,0x00000000e8780000,0x00000000e9200000)
 ParOldGen       total 57344K, used 16007K [0x00000000a0000000, 0x00000000a3800000, 0x00000000e0000000)
  object space 57344K, 27% used [0x00000000a0000000,0x00000000a0fa1e18,0x00000000a3800000)
 Metaspace       used 48353K, capacity 49584K, committed 49840K, reserved 1091584K
  class space    used 6489K, capacity 6776K, committed 6832K, reserved 1048576K
Event: 39.161 GC heap after
Heap after GC invocations=16 (full 2):
 PSYoungGen      total 134656K, used 10748K [0x00000000e0000000, 0x00000000e9500000, 0x0000000100000000)
  eden space 123904K, 0% used [0x00000000e0000000,0x00000000e0000000,0x00000000e7900000)
  from space 10752K, 99% used [0x00000000e8780000,0x00000000e91ff078,0x00000000e9200000)
  to   space 14336K, 0% used [0x00000000e7900000,0x00000000e7900000,0x00000000e8700000)
 ParOldGen       total 57344K, used 22374K [0x00000000a0000000, 0x00000000a3800000, 0x00000000e0000000)
  object space 57344K, 39% used [0x00000000a0000000,0x00000000a15d9830,0x00000000a3800000)
 Metaspace       used 48353K, capacity 49584K, committed 49840K, reserved 1091584K
  class space    used 6489K, capacity 6776K, committed 6832K, reserved 1048576K
}
Event: 46.495 GC heap before
{Heap before GC invocations=17 (full 2):
 PSYoungGen      total 134656K, used 134652K [0x00000000e0000000, 0x00000000e9500000, 0x0000000100000000)
  eden space 123904K, 100% used [0x00000000e0000000,0x00000000e7900000,0x00000000e7900000)
  from space 10752K, 99% used [0x00000000e8780000,0x00000000e91ff078,0x00000000e9200000)
  to   space 14336K, 0% used [0x00000000e7900000,0x00000000e7900000,0x00000000e8700000)
 ParOldGen       total 57344K, used 22374K [0x00000000a0000000, 0x00000000a3800000, 0x00000000e0000000)
  object space 57344K, 39% used [0x00000000a0000000,0x00000000a15d9830,0x00000000a3800000)
 Metaspace       used 50832K, capacity 52192K, committed 52400K, reserved 1095680K
  class space    used 6744K, capacity 7054K, committed 7088K, reserved 1048576K
Event: 46.534 GC heap after
Heap after GC invocations=17 (full 2):
 PSYoungGen      total 138240K, used 9036K [0x00000000e0000000, 0x00000000e9500000, 0x0000000100000000)
  eden space 123904K, 0% used [0x00000000e0000000,0x00000000e0000000,0x00000000e7900000)
  from space 14336K, 63% used [0x00000000e7900000,0x00000000e81d3268,0x00000000e8700000)
  to   space 10752K, 0% used [0x00000000e8780000,0x00000000e8780000,0x00000000e9200000)
 ParOldGen       total 57344K, used 30120K [0x00000000a0000000, 0x00000000a3800000, 0x00000000e0000000)
  object space 57344K, 52% used [0x00000000a0000000,0x00000000a1d6a0a0,0x00000000a3800000)
 Metaspace       used 50832K, capacity 52192K, committed 52400K, reserved 1095680K
  class space    used 6744K, capacity 7054K, committed 7088K, reserved 1048576K
}

